\BOOKMARK [1][-]{section.1}{\376\377\000I\000n\000t\000r\000o\000d\000u\000c\000t\000i\000o\000n}{}% 1
\BOOKMARK [1][-]{section.2}{\376\377\000A\000r\000c\000h\000i\000t\000e\000c\000t\000u\000r\000e}{}% 2
\BOOKMARK [1][-]{section.3}{\376\377\000D\000\351\000t\000a\000i\000l\000s\000\040\000d\000e\000\040\000l\000a\000\040\000r\000\351\000a\000l\000i\000s\000a\000t\000i\000o\000n\000\040\000d\000e\000s\000\040\000p\000r\000o\000g\000r\000a\000m\000m\000e\000s}{}% 3
\BOOKMARK [2][-]{subsection.3.1}{\376\377\000P\000r\000o\000g\000r\000a\000m\000m\000e\000\040\000p\000r\000i\000n\000c\000i\000p\000a\000l\000\040\000P\000a\000g\000e\000R\000a\000n\000k}{section.3}% 4
\BOOKMARK [3][-]{subsubsection.3.1.1}{\376\377\000I\000n\000s\000t\000a\000n\000c\000i\000a\000t\000i\000o\000n\000s}{subsection.3.1}% 5
\BOOKMARK [3][-]{subsubsection.3.1.2}{\376\377\000P\000r\000o\000c\000\351\000d\000u\000r\000e\000\040\000T\000r\000i\000\137\000I\000n\000s\000e\000r\000t\000i\000o\000n}{subsection.3.1}% 6
\BOOKMARK [2][-]{subsection.3.2}{\376\377\000M\000o\000d\000u\000l\000e\000\040\000P\000a\000g\000e\000R\000a\000n\000k\000\137\000D\000o\000c}{section.3}% 7
\BOOKMARK [2][-]{subsection.3.3}{\376\377\000M\000o\000d\000u\000l\000e\000\040\000M\000a\000t\000r\000i\000c\000e\000\137\000C\000r\000e\000u\000s\000e}{section.3}% 8
\BOOKMARK [3][-]{subsubsection.3.3.1}{\376\377\000S\000t\000r\000u\000c\000t\000u\000r\000e\000s\000\040\000d\000e\000\040\000d\000o\000n\000n\000\351\000e}{subsection.3.3}% 9
\BOOKMARK [3][-]{subsubsection.3.3.2}{\376\377\000A\000l\000g\000o\000r\000i\000t\000h\000m\000e\000s}{subsection.3.3}% 10
\BOOKMARK [3][-]{subsubsection.3.3.3}{\376\377\000T\000e\000s\000t\000s}{subsection.3.3}% 11
\BOOKMARK [3][-]{subsubsection.3.3.4}{\376\377\000S\000t\000r\000u\000c\000t\000u\000r\000e\000s\000\040\000d\000e\000\040\000d\000o\000n\000n\000\351\000e}{subsection.3.3}% 12
\BOOKMARK [3][-]{subsubsection.3.3.5}{\376\377\000A\000l\000g\000o\000r\000i\000t\000h\000m\000e\000s}{subsection.3.3}% 13
\BOOKMARK [3][-]{subsubsection.3.3.6}{\376\377\000T\000e\000s\000t\000s}{subsection.3.3}% 14
\BOOKMARK [2][-]{subsection.3.4}{\376\377\000T\000e\000x\000t\000\137\000I\000O}{section.3}% 15
\BOOKMARK [3][-]{subsubsection.3.4.1}{\376\377\000L\000e\000c\000t\000u\000r\000e\000\040\000d\000u\000\040\000f\000i\000c\000h\000i\000e\000r\000\040\000g\000r\000a\000p\000h\000e\000\040\000\050\000.\000n\000e\000t\000\051}{subsection.3.4}% 16
\BOOKMARK [3][-]{subsubsection.3.4.2}{\376\377\000A\000u\000t\000r\000e\000s}{subsection.3.4}% 17
\BOOKMARK [2][-]{subsection.3.5}{\376\377\000G\000e\000s\000t\000i\000o\000n\000\040\000d\000e\000s\000\040\000e\000x\000c\000e\000p\000t\000i\000o\000n\000s\000\040\000e\000t\000\040\000m\000o\000d\000u\000l\000e\000\040\000P\000a\000g\000e\000R\000a\000n\000k\000\137\000E\000x\000c\000e\000p\000t\000i\000o\000n\000s}{section.3}% 18
\BOOKMARK [1][-]{section.4}{\376\377\000R\000\351\000s\000u\000l\000t\000a\000t\000s}{}% 19
\BOOKMARK [1][-]{section.5}{\376\377\000D\000i\000f\000f\000i\000c\000u\000l\000t\000\351\000s\000\040\000r\000e\000n\000c\000o\000n\000t\000r\000\351\000e\000s}{}% 20
\BOOKMARK [1][-]{section.6}{\376\377\000G\000r\000i\000l\000l\000e\000s\000\040\000d\000'\000\351\000v\000a\000l\000u\000a\000t\000i\000o\000n}{}% 21
\BOOKMARK [1][-]{section.7}{\376\377\000R\000\351\000p\000a\000r\000t\000i\000t\000i\000o\000n\000\040\000d\000u\000\040\000t\000r\000a\000v\000a\000i\000l}{}% 22
