added manifest
adding: Main.class(in = 307) (out= 239)(deflated 22%)
adding: .gitkeep(in = 0) (out= 0)(stored 0%)
adding: simulation2D/(in = 0) (out= 0)(stored 0%)
adding: simulation2D/rendering/(in = 0) (out= 0)(stored 0%)
adding: simulation2D/rendering/AffichageStat.class(in = 1213) (out= 702)(deflated 42%)
adding: simulation2D/rendering/Affichage.class(in = 826) (out= 498)(deflated 39%)
adding: simulation2D/rendering/StatCanva.class(in = 2912) (out= 1702)(deflated 41%)
adding: simulation2D/objects/(in = 0) (out= 0)(stored 0%)
adding: simulation2D/objects/Famille.class(in = 3892) (out= 1762)(deflated 54%)
adding: simulation2D/objects/DicoRelations2D.class(in = 3239) (out= 1375)(deflated 57%)
adding: simulation2D/objects/DicoRelations.class(in = 2052) (out= 995)(deflated 51%)
adding: simulation2D/objects/Particule.class(in = 3127) (out= 1331)(deflated 57%)
adding: simulation2D/menu/(in = 0) (out= 0)(stored 0%)
adding: simulation2D/menu/RogueMenu$1.class(in = 780) (out= 429)(deflated 45%)
adding: simulation2D/menu/ConfigurationMenu.class(in = 3267) (out= 1533)(deflated 53%)
adding: simulation2D/menu/RogueMenu.class(in = 2572) (out= 1296)(deflated 49%)
adding: simulation2D/menu/FamilleMenu$2.class(in = 3655) (out= 1764)(deflated 51%)
adding: simulation2D/menu/SousMenu$2.class(in = 586) (out= 369)(deflated 37%)
adding: simulation2D/menu/ConfigurationMenu$3.class(in = 1060) (out= 501)(deflated 52%)
adding: simulation2D/menu/Case$1.class(in = 1045) (out= 530)(deflated 49%)
adding: simulation2D/menu/MenuQuitter.class(in = 1871) (out= 903)(deflated 51%)
adding: simulation2D/menu/ConfigurationMenu$2.class(in = 1113) (out= 606)(deflated 45%)
adding: simulation2D/menu/MenuQuitter$2.class(in = 1236) (out= 673)(deflated 45%)
adding: simulation2D/menu/Case.class(in = 3972) (out= 1754)(deflated 55%)
adding: simulation2D/menu/SousMenu$1.class(in = 1741) (out= 903)(deflated 48%)
adding: simulation2D/menu/FamilleMenu$2$1.class(in = 1717) (out= 806)(deflated 53%)
adding: simulation2D/menu/SousMenu.class(in = 4728) (out= 2110)(deflated 55%)
adding: simulation2D/menu/FamilleMenu$3.class(in = 979) (out= 486)(deflated 50%)
adding: simulation2D/menu/MenuQuitter$1.class(in = 642) (out= 395)(deflated 38%)
adding: simulation2D/menu/MenuQuitter$3.class(in = 818) (out= 471)(deflated 42%)
adding: simulation2D/menu/FamilleMenu.class(in = 3611) (out= 1438)(deflated 60%)
adding: simulation2D/menu/RogueMenu$2.class(in = 1107) (out= 615)(deflated 44%)
adding: simulation2D/menu/Case$2.class(in = 1083) (out= 590)(deflated 45%)
adding: simulation2D/menu/FamilleMenu$1.class(in = 1566) (out= 715)(deflated 54%)
adding: simulation2D/menu/ConfigurationMenu$1.class(in = 2018) (out= 919)(deflated 54%)
adding: simulation2D/physics/(in = 0) (out= 0)(stored 0%)
adding: simulation2D/physics/MoteurPhysique.class(in = 1403) (out= 752)(deflated 46%)
adding: simulation2D/physics/Force.class(in = 1693) (out= 862)(deflated 49%)
adding: simulation2D/physics/Vecteur2D.class(in = 2289) (out= 1048)(deflated 54%)
adding: simulation2D/physics/Collision.class(in = 3330) (out= 1623)(deflated 51%)
adding: simulation2D/Launch$2.class(in = 685) (out= 420)(deflated 38%)
adding: simulation2D/Launch$1.class(in = 681) (out= 398)(deflated 41%)
adding: simulation2D/statistiques/(in = 0) (out= 0)(stored 0%)
adding: simulation2D/statistiques/EnergieCinetique.class(in = 1939) (out= 1115)(deflated 42%)
adding: simulation2D/statistiques/CollisionStat.class(in = 1658) (out= 949)(deflated 42%)
adding: simulation2D/statistiques/Statistique.class(in = 322) (out= 216)(deflated 32%)
adding: simulation2D/statistiques/DensityStat$1.class(in = 734) (out= 419)(deflated 42%)
adding: simulation2D/statistiques/DensityStat.class(in = 2880) (out= 1680)(deflated 41%)
adding: simulation2D/simulation/(in = 0) (out= 0)(stored 0%)
adding: simulation2D/simulation/SimulationLoop$1.class(in = 674) (out= 367)(deflated 45%)
adding: simulation2D/simulation/SimulationLoop.class(in = 2600) (out= 1335)(deflated 48%)
adding: simulation2D/simulation/Configuration.class(in = 3924) (out= 1908)(deflated 51%)
adding: simulation2D/simulation/SimulationState.class(in = 1412) (out= 588)(deflated 58%)
adding: simulation2D/Launch.class(in = 2949) (out= 1546)(deflated 47%)
