Exception in thread "AWT-EventQueue-0" java.lang.IndexOutOfBoundsException: Index 0 out of bounds for length 0
	at java.base/jdk.internal.util.Preconditions.outOfBounds(Preconditions.java:64)
	at java.base/jdk.internal.util.Preconditions.outOfBoundsCheckIndex(Preconditions.java:70)
	at java.base/jdk.internal.util.Preconditions.checkIndex(Preconditions.java:248)
	at java.base/java.util.Objects.checkIndex(Objects.java:372)
	at java.base/java.util.ArrayList.get(ArrayList.java:459)
	at simulation2D.rendering.StatCanva.paint(AffichageStat.java:58)
	at java.desktop/javax.swing.JComponent.paintChildren(JComponent.java:907)
	at java.desktop/javax.swing.JComponent.paint(JComponent.java:1083)
	at java.desktop/javax.swing.JComponent.paintChildren(JComponent.java:907)
	at java.desktop/javax.swing.JComponent.paint(JComponent.java:1083)
	at java.desktop/javax.swing.JLayeredPane.paint(JLayeredPane.java:590)
	at java.desktop/javax.swing.JComponent.paintChildren(JComponent.java:907)
	at java.desktop/javax.swing.JComponent.paintToOffscreen(JComponent.java:5262)
	at java.desktop/javax.swing.BufferStrategyPaintManager.paint(BufferStrategyPaintManager.java:246)
	at java.desktop/javax.swing.RepaintManager.paint(RepaintManager.java:1323)
	at java.desktop/javax.swing.JComponent.paint(JComponent.java:1060)
	at java.desktop/java.awt.GraphicsCallback$PaintCallback.run(GraphicsCallback.java:39)
	at java.desktop/sun.awt.SunGraphicsCallback.runOneComponent(SunGraphicsCallback.java:78)
	at java.desktop/sun.awt.SunGraphicsCallback.runComponents(SunGraphicsCallback.java:115)
	at java.desktop/java.awt.Container.paint(Container.java:2002)
	at java.desktop/java.awt.Window.paint(Window.java:3940)
	at java.desktop/javax.swing.RepaintManager$4.run(RepaintManager.java:876)
	at java.desktop/javax.swing.RepaintManager$4.run(RepaintManager.java:848)
	at java.base/java.security.AccessController.doPrivileged(Native Method)
	at java.base/java.security.ProtectionDomain$JavaSecurityAccessImpl.doIntersectionPrivilege(ProtectionDomain.java:85)
	at java.desktop/javax.swing.RepaintManager.paintDirtyRegions(RepaintManager.java:848)
	at java.desktop/javax.swing.RepaintManager.paintDirtyRegions(RepaintManager.java:823)
	at java.desktop/javax.swing.RepaintManager.prePaintDirtyRegions(RepaintManager.java:772)
	at java.desktop/javax.swing.RepaintManager$ProcessingRunnable.run(RepaintManager.java:1890)
	at java.desktop/java.awt.event.InvocationEvent.dispatch(InvocationEvent.java:313)
	at java.desktop/java.awt.EventQueue.dispatchEventImpl(EventQueue.java:770)
	at java.desktop/java.awt.EventQueue$4.run(EventQueue.java:721)
	at java.desktop/java.awt.EventQueue$4.run(EventQueue.java:715)
	at java.base/java.security.AccessController.doPrivileged(Native Method)
	at java.base/java.security.ProtectionDomain$JavaSecurityAccessImpl.doIntersectionPrivilege(ProtectionDomain.java:85)
	at java.desktop/java.awt.EventQueue.dispatchEvent(EventQueue.java:740)
	at java.desktop/java.awt.EventDispatchThread.pumpOneEventForFilters(EventDispatchThread.java:203)
	at java.desktop/java.awt.EventDispatchThread.pumpEventsForFilter(EventDispatchThread.java:124)
	at java.desktop/java.awt.EventDispatchThread.pumpEventsForHierarchy(EventDispatchThread.java:113)
	at java.desktop/java.awt.EventDispatchThread.pumpEvents(EventDispatchThread.java:109)
	at java.desktop/java.awt.EventDispatchThread.pumpEvents(EventDispatchThread.java:101)
	at java.desktop/java.awt.EventDispatchThread.run(EventDispatchThread.java:90)
Exception in thread "AWT-EventQueue-0" java.lang.IndexOutOfBoundsException: Index 0 out of bounds for length 0
	at java.base/jdk.internal.util.Preconditions.outOfBounds(Preconditions.java:64)
	at java.base/jdk.internal.util.Preconditions.outOfBoundsCheckIndex(Preconditions.java:70)
	at java.base/jdk.internal.util.Preconditions.checkIndex(Preconditions.java:248)
	at java.base/java.util.Objects.checkIndex(Objects.java:372)
	at java.base/java.util.ArrayList.get(ArrayList.java:459)
	at simulation2D.rendering.StatCanva.paint(AffichageStat.java:58)
	at java.desktop/javax.swing.JComponent.paintChildren(JComponent.java:907)
	at java.desktop/javax.swing.JComponent.paint(JComponent.java:1083)
	at java.desktop/javax.swing.JComponent.paintChildren(JComponent.java:907)
	at java.desktop/javax.swing.JComponent.paint(JComponent.java:1083)
	at java.desktop/javax.swing.JLayeredPane.paint(JLayeredPane.java:590)
	at java.desktop/javax.swing.JComponent.paintChildren(JComponent.java:907)
	at java.desktop/javax.swing.JComponent.paintToOffscreen(JComponent.java:5262)
	at java.desktop/javax.swing.BufferStrategyPaintManager.paint(BufferStrategyPaintManager.java:246)
	at java.desktop/javax.swing.RepaintManager.paint(RepaintManager.java:1323)
	at java.desktop/javax.swing.JComponent.paint(JComponent.java:1060)
	at java.desktop/java.awt.GraphicsCallback$PaintCallback.run(GraphicsCallback.java:39)
	at java.desktop/sun.awt.SunGraphicsCallback.runOneComponent(SunGraphicsCallback.java:78)
	at java.desktop/sun.awt.SunGraphicsCallback.runComponents(SunGraphicsCallback.java:115)
	at java.desktop/java.awt.Container.paint(Container.java:2002)
	at java.desktop/java.awt.Window.paint(Window.java:3940)
	at java.desktop/javax.swing.RepaintManager$4.run(RepaintManager.java:876)
	at java.desktop/javax.swing.RepaintManager$4.run(RepaintManager.java:848)
	at java.base/java.security.AccessController.doPrivileged(Native Method)
	at java.base/java.security.ProtectionDomain$JavaSecurityAccessImpl.doIntersectionPrivilege(ProtectionDomain.java:85)
	at java.desktop/javax.swing.RepaintManager.paintDirtyRegions(RepaintManager.java:848)
	at java.desktop/javax.swing.RepaintManager.paintDirtyRegions(RepaintManager.java:823)
	at java.desktop/javax.swing.RepaintManager.prePaintDirtyRegions(RepaintManager.java:772)
	at java.desktop/javax.swing.RepaintManager$ProcessingRunnable.run(RepaintManager.java:1890)
	at java.desktop/java.awt.event.InvocationEvent.dispatch(InvocationEvent.java:313)
	at java.desktop/java.awt.EventQueue.dispatchEventImpl(EventQueue.java:770)
	at java.desktop/java.awt.EventQueue$4.run(EventQueue.java:721)
	at java.desktop/java.awt.EventQueue$4.run(EventQueue.java:715)
	at java.base/java.security.AccessController.doPrivileged(Native Method)
	at java.base/java.security.ProtectionDomain$JavaSecurityAccessImpl.doIntersectionPrivilege(ProtectionDomain.java:85)
	at java.desktop/java.awt.EventQueue.dispatchEvent(EventQueue.java:740)
	at java.desktop/java.awt.EventDispatchThread.pumpOneEventForFilters(EventDispatchThread.java:203)
	at java.desktop/java.awt.EventDispatchThread.pumpEventsForFilter(EventDispatchThread.java:124)
	at java.desktop/java.awt.EventDispatchThread.pumpEventsForHierarchy(EventDispatchThread.java:113)
	at java.desktop/java.awt.EventDispatchThread.pumpEvents(EventDispatchThread.java:109)
	at java.desktop/java.awt.EventDispatchThread.pumpEvents(EventDispatchThread.java:101)
	at java.desktop/java.awt.EventDispatchThread.run(EventDispatchThread.java:90)
Exception in thread "AWT-EventQueue-0" java.lang.IndexOutOfBoundsException: Index 0 out of bounds for length 0
	at java.base/jdk.internal.util.Preconditions.outOfBounds(Preconditions.java:64)
	at java.base/jdk.internal.util.Preconditions.outOfBoundsCheckIndex(Preconditions.java:70)
	at java.base/jdk.internal.util.Preconditions.checkIndex(Preconditions.java:248)
	at java.base/java.util.Objects.checkIndex(Objects.java:372)
	at java.base/java.util.ArrayList.get(ArrayList.java:459)
	at simulation2D.rendering.StatCanva.paint(AffichageStat.java:58)
	at java.desktop/javax.swing.JComponent.paintChildren(JComponent.java:907)
	at java.desktop/javax.swing.JComponent.paint(JComponent.java:1083)
	at java.desktop/javax.swing.JComponent.paintToOffscreen(JComponent.java:5255)
	at java.desktop/javax.swing.BufferStrategyPaintManager.paint(BufferStrategyPaintManager.java:246)
	at java.desktop/javax.swing.RepaintManager.paint(RepaintManager.java:1323)
	at java.desktop/javax.swing.JComponent._paintImmediately(JComponent.java:5203)
	at java.desktop/javax.swing.JComponent.paintImmediately(JComponent.java:5013)
	at java.desktop/javax.swing.RepaintManager$4.run(RepaintManager.java:865)
	at java.desktop/javax.swing.RepaintManager$4.run(RepaintManager.java:848)
	at java.base/java.security.AccessController.doPrivileged(Native Method)
	at java.base/java.security.ProtectionDomain$JavaSecurityAccessImpl.doIntersectionPrivilege(ProtectionDomain.java:85)
	at java.desktop/javax.swing.RepaintManager.paintDirtyRegions(RepaintManager.java:848)
	at java.desktop/javax.swing.RepaintManager.paintDirtyRegions(RepaintManager.java:823)
	at java.desktop/javax.swing.RepaintManager.prePaintDirtyRegions(RepaintManager.java:772)
	at java.desktop/javax.swing.RepaintManager$ProcessingRunnable.run(RepaintManager.java:1890)
	at java.desktop/java.awt.event.InvocationEvent.dispatch(InvocationEvent.java:313)
	at java.desktop/java.awt.EventQueue.dispatchEventImpl(EventQueue.java:770)
	at java.desktop/java.awt.EventQueue$4.run(EventQueue.java:721)
	at java.desktop/java.awt.EventQueue$4.run(EventQueue.java:715)
	at java.base/java.security.AccessController.doPrivileged(Native Method)
	at java.base/java.security.ProtectionDomain$JavaSecurityAccessImpl.doIntersectionPrivilege(ProtectionDomain.java:85)
	at java.desktop/java.awt.EventQueue.dispatchEvent(EventQueue.java:740)
	at java.desktop/java.awt.EventDispatchThread.pumpOneEventForFilters(EventDispatchThread.java:203)
	at java.desktop/java.awt.EventDispatchThread.pumpEventsForFilter(EventDispatchThread.java:124)
	at java.desktop/java.awt.EventDispatchThread.pumpEventsForHierarchy(EventDispatchThread.java:113)
	at java.desktop/java.awt.EventDispatchThread.pumpEvents(EventDispatchThread.java:109)
	at java.desktop/java.awt.EventDispatchThread.pumpEvents(EventDispatchThread.java:101)
	at java.desktop/java.awt.EventDispatchThread.run(EventDispatchThread.java:90)
Exception in thread "AWT-EventQueue-0" java.lang.IndexOutOfBoundsException: Index 0 out of bounds for length 0
	at java.base/jdk.internal.util.Preconditions.outOfBounds(Preconditions.java:64)
	at java.base/jdk.internal.util.Preconditions.outOfBoundsCheckIndex(Preconditions.java:70)
	at java.base/jdk.internal.util.Preconditions.checkIndex(Preconditions.java:248)
	at java.base/java.util.Objects.checkIndex(Objects.java:372)
	at java.base/java.util.ArrayList.get(ArrayList.java:459)
	at simulation2D.rendering.StatCanva.paint(AffichageStat.java:58)
	at java.desktop/javax.swing.JComponent.paintChildren(JComponent.java:907)
	at java.desktop/javax.swing.JComponent.paint(JComponent.java:1083)
	at java.desktop/javax.swing.JComponent.paintToOffscreen(JComponent.java:5255)
	at java.desktop/javax.swing.BufferStrategyPaintManager.paint(BufferStrategyPaintManager.java:246)
	at java.desktop/javax.swing.RepaintManager.paint(RepaintManager.java:1323)
	at java.desktop/javax.swing.JComponent._paintImmediately(JComponent.java:5203)
	at java.desktop/javax.swing.JComponent.paintImmediately(JComponent.java:5013)
	at java.desktop/javax.swing.RepaintManager$4.run(RepaintManager.java:865)
	at java.desktop/javax.swing.RepaintManager$4.run(RepaintManager.java:848)
	at java.base/java.security.AccessController.doPrivileged(Native Method)
	at java.base/java.security.ProtectionDomain$JavaSecurityAccessImpl.doIntersectionPrivilege(ProtectionDomain.java:85)
	at java.desktop/javax.swing.RepaintManager.paintDirtyRegions(RepaintManager.java:848)
	at java.desktop/javax.swing.RepaintManager.paintDirtyRegions(RepaintManager.java:823)
	at java.desktop/javax.swing.RepaintManager.prePaintDirtyRegions(RepaintManager.java:772)
	at java.desktop/javax.swing.RepaintManager$ProcessingRunnable.run(RepaintManager.java:1890)
	at java.desktop/java.awt.event.InvocationEvent.dispatch(InvocationEvent.java:313)
	at java.desktop/java.awt.EventQueue.dispatchEventImpl(EventQueue.java:770)
	at java.desktop/java.awt.EventQueue$4.run(EventQueue.java:721)
	at java.desktop/java.awt.EventQueue$4.run(EventQueue.java:715)
	at java.base/java.security.AccessController.doPrivileged(Native Method)
	at java.base/java.security.ProtectionDomain$JavaSecurityAccessImpl.doIntersectionPrivilege(ProtectionDomain.java:85)
	at java.desktop/java.awt.EventQueue.dispatchEvent(EventQueue.java:740)
	at java.desktop/java.awt.EventDispatchThread.pumpOneEventForFilters(EventDispatchThread.java:203)
	at java.desktop/java.awt.EventDispatchThread.pumpEventsForFilter(EventDispatchThread.java:124)
	at java.desktop/java.awt.EventDispatchThread.pumpEventsForHierarchy(EventDispatchThread.java:113)
	at java.desktop/java.awt.EventDispatchThread.pumpEvents(EventDispatchThread.java:109)
	at java.desktop/java.awt.EventDispatchThread.pumpEvents(EventDispatchThread.java:101)
	at java.desktop/java.awt.EventDispatchThread.run(EventDispatchThread.java:90)
Exception in thread "AWT-EventQueue-0" java.lang.IndexOutOfBoundsException: Index 0 out of bounds for length 0
	at java.base/jdk.internal.util.Preconditions.outOfBounds(Preconditions.java:64)
	at java.base/jdk.internal.util.Preconditions.outOfBoundsCheckIndex(Preconditions.java:70)
	at java.base/jdk.internal.util.Preconditions.checkIndex(Preconditions.java:248)
	at java.base/java.util.Objects.checkIndex(Objects.java:372)
	at java.base/java.util.ArrayList.get(ArrayList.java:459)
	at simulation2D.rendering.StatCanva.paint(AffichageStat.java:58)
	at java.desktop/javax.swing.JComponent.paintChildren(JComponent.java:907)
	at java.desktop/javax.swing.JComponent.paint(JComponent.java:1083)
	at java.desktop/javax.swing.JComponent.paintChildren(JComponent.java:907)
	at java.desktop/javax.swing.JComponent.paint(JComponent.java:1083)
	at java.desktop/javax.swing.JLayeredPane.paint(JLayeredPane.java:590)
	at java.desktop/javax.swing.JComponent.paintChildren(JComponent.java:907)
	at java.desktop/javax.swing.JComponent.paintToOffscreen(JComponent.java:5262)
	at java.desktop/javax.swing.BufferStrategyPaintManager.paint(BufferStrategyPaintManager.java:246)
	at java.desktop/javax.swing.RepaintManager.paint(RepaintManager.java:1323)
	at java.desktop/javax.swing.JComponent.paint(JComponent.java:1060)
	at java.desktop/java.awt.GraphicsCallback$PaintCallback.run(GraphicsCallback.java:39)
	at java.desktop/sun.awt.SunGraphicsCallback.runOneComponent(SunGraphicsCallback.java:78)
	at java.desktop/sun.awt.SunGraphicsCallback.runComponents(SunGraphicsCallback.java:115)
	at java.desktop/java.awt.Container.paint(Container.java:2002)
	at java.desktop/java.awt.Window.paint(Window.java:3940)
	at java.desktop/javax.swing.RepaintManager$4.run(RepaintManager.java:876)
	at java.desktop/javax.swing.RepaintManager$4.run(RepaintManager.java:848)
	at java.base/java.security.AccessController.doPrivileged(Native Method)
	at java.base/java.security.ProtectionDomain$JavaSecurityAccessImpl.doIntersectionPrivilege(ProtectionDomain.java:85)
	at java.desktop/javax.swing.RepaintManager.paintDirtyRegions(RepaintManager.java:848)
	at java.desktop/javax.swing.RepaintManager.paintDirtyRegions(RepaintManager.java:823)
	at java.desktop/javax.swing.RepaintManager.prePaintDirtyRegions(RepaintManager.java:772)
	at java.desktop/javax.swing.RepaintManager$ProcessingRunnable.run(RepaintManager.java:1890)
	at java.desktop/java.awt.event.InvocationEvent.dispatch(InvocationEvent.java:313)
	at java.desktop/java.awt.EventQueue.dispatchEventImpl(EventQueue.java:770)
	at java.desktop/java.awt.EventQueue$4.run(EventQueue.java:721)
	at java.desktop/java.awt.EventQueue$4.run(EventQueue.java:715)
	at java.base/java.security.AccessController.doPrivileged(Native Method)
	at java.base/java.security.ProtectionDomain$JavaSecurityAccessImpl.doIntersectionPrivilege(ProtectionDomain.java:85)
	at java.desktop/java.awt.EventQueue.dispatchEvent(EventQueue.java:740)
	at java.desktop/java.awt.EventDispatchThread.pumpOneEventForFilters(EventDispatchThread.java:203)
	at java.desktop/java.awt.EventDispatchThread.pumpEventsForFilter(EventDispatchThread.java:124)
	at java.desktop/java.awt.EventDispatchThread.pumpEventsForHierarchy(EventDispatchThread.java:113)
	at java.desktop/java.awt.EventDispatchThread.pumpEvents(EventDispatchThread.java:109)
	at java.desktop/java.awt.EventDispatchThread.pumpEvents(EventDispatchThread.java:101)
	at java.desktop/java.awt.EventDispatchThread.run(EventDispatchThread.java:90)
Exception in thread "AWT-EventQueue-0" java.lang.IndexOutOfBoundsException: Index 0 out of bounds for length 0
	at java.base/jdk.internal.util.Preconditions.outOfBounds(Preconditions.java:64)
	at java.base/jdk.internal.util.Preconditions.outOfBoundsCheckIndex(Preconditions.java:70)
	at java.base/jdk.internal.util.Preconditions.checkIndex(Preconditions.java:248)
	at java.base/java.util.Objects.checkIndex(Objects.java:372)
	at java.base/java.util.ArrayList.get(ArrayList.java:459)
	at simulation2D.rendering.StatCanva.paint(AffichageStat.java:58)
	at java.desktop/javax.swing.JComponent.paintChildren(JComponent.java:907)
	at java.desktop/javax.swing.JComponent.paint(JComponent.java:1083)
	at java.desktop/javax.swing.JComponent.paintChildren(JComponent.java:907)
	at java.desktop/javax.swing.JComponent.paint(JComponent.java:1083)
	at java.desktop/javax.swing.JLayeredPane.paint(JLayeredPane.java:590)
	at java.desktop/javax.swing.JComponent.paintChildren(JComponent.java:907)
	at java.desktop/javax.swing.JComponent.paint(JComponent.java:1083)
	at java.desktop/javax.swing.JComponent.paintToOffscreen(JComponent.java:5255)
	at java.desktop/javax.swing.BufferStrategyPaintManager.paint(BufferStrategyPaintManager.java:246)
	at java.desktop/javax.swing.RepaintManager.paint(RepaintManager.java:1323)
	at java.desktop/javax.swing.JComponent._paintImmediately(JComponent.java:5203)
	at java.desktop/javax.swing.JComponent.paintImmediately(JComponent.java:5013)
	at java.desktop/javax.swing.RepaintManager$4.run(RepaintManager.java:888)
	at java.desktop/javax.swing.RepaintManager$4.run(RepaintManager.java:848)
	at java.base/java.security.AccessController.doPrivileged(Native Method)
	at java.base/java.security.ProtectionDomain$JavaSecurityAccessImpl.doIntersectionPrivilege(ProtectionDomain.java:85)
	at java.desktop/javax.swing.RepaintManager.paintDirtyRegions(RepaintManager.java:848)
	at java.desktop/javax.swing.RepaintManager.paintDirtyRegions(RepaintManager.java:823)
	at java.desktop/javax.swing.RepaintManager.prePaintDirtyRegions(RepaintManager.java:772)
	at java.desktop/javax.swing.RepaintManager$ProcessingRunnable.run(RepaintManager.java:1890)
	at java.desktop/java.awt.event.InvocationEvent.dispatch(InvocationEvent.java:313)
	at java.desktop/java.awt.EventQueue.dispatchEventImpl(EventQueue.java:770)
	at java.desktop/java.awt.EventQueue$4.run(EventQueue.java:721)
	at java.desktop/java.awt.EventQueue$4.run(EventQueue.java:715)
	at java.base/java.security.AccessController.doPrivileged(Native Method)
	at java.base/java.security.ProtectionDomain$JavaSecurityAccessImpl.doIntersectionPrivilege(ProtectionDomain.java:85)
	at java.desktop/java.awt.EventQueue.dispatchEvent(EventQueue.java:740)
	at java.desktop/java.awt.EventDispatchThread.pumpOneEventForFilters(EventDispatchThread.java:203)
	at java.desktop/java.awt.EventDispatchThread.pumpEventsForFilter(EventDispatchThread.java:124)
	at java.desktop/java.awt.EventDispatchThread.pumpEventsForHierarchy(EventDispatchThread.java:113)
	at java.desktop/java.awt.EventDispatchThread.pumpEvents(EventDispatchThread.java:109)
	at java.desktop/java.awt.EventDispatchThread.pumpEvents(EventDispatchThread.java:101)
	at java.desktop/java.awt.EventDispatchThread.run(EventDispatchThread.java:90)
Exception in thread "AWT-EventQueue-0" java.lang.IndexOutOfBoundsException: Index 0 out of bounds for length 0
	at java.base/jdk.internal.util.Preconditions.outOfBounds(Preconditions.java:64)
	at java.base/jdk.internal.util.Preconditions.outOfBoundsCheckIndex(Preconditions.java:70)
	at java.base/jdk.internal.util.Preconditions.checkIndex(Preconditions.java:248)
	at java.base/java.util.Objects.checkIndex(Objects.java:372)
	at java.base/java.util.ArrayList.get(ArrayList.java:459)
	at simulation2D.rendering.StatCanva.paint(AffichageStat.java:58)
	at java.desktop/javax.swing.JComponent.paintChildren(JComponent.java:907)
	at java.desktop/javax.swing.JComponent.paint(JComponent.java:1083)
	at java.desktop/javax.swing.JComponent.paintChildren(JComponent.java:907)
	at java.desktop/javax.swing.JComponent.paint(JComponent.java:1083)
	at java.desktop/javax.swing.JLayeredPane.paint(JLayeredPane.java:590)
	at java.desktop/javax.swing.JComponent.paintChildren(JComponent.java:907)
	at java.desktop/javax.swing.JComponent.paint(JComponent.java:1083)
	at java.desktop/javax.swing.JComponent.paintToOffscreen(JComponent.java:5255)
	at java.desktop/javax.swing.BufferStrategyPaintManager.paint(BufferStrategyPaintManager.java:246)
	at java.desktop/javax.swing.RepaintManager.paint(RepaintManager.java:1323)
	at java.desktop/javax.swing.JComponent._paintImmediately(JComponent.java:5203)
	at java.desktop/javax.swing.JComponent.paintImmediately(JComponent.java:5013)
	at java.desktop/javax.swing.RepaintManager$4.run(RepaintManager.java:888)
	at java.desktop/javax.swing.RepaintManager$4.run(RepaintManager.java:848)
	at java.base/java.security.AccessController.doPrivileged(Native Method)
	at java.base/java.security.ProtectionDomain$JavaSecurityAccessImpl.doIntersectionPrivilege(ProtectionDomain.java:85)
	at java.desktop/javax.swing.RepaintManager.paintDirtyRegions(RepaintManager.java:848)
	at java.desktop/javax.swing.RepaintManager.paintDirtyRegions(RepaintManager.java:823)
	at java.desktop/javax.swing.RepaintManager.prePaintDirtyRegions(RepaintManager.java:772)
	at java.desktop/javax.swing.RepaintManager$ProcessingRunnable.run(RepaintManager.java:1890)
	at java.desktop/java.awt.event.InvocationEvent.dispatch(InvocationEvent.java:313)
	at java.desktop/java.awt.EventQueue.dispatchEventImpl(EventQueue.java:770)
	at java.desktop/java.awt.EventQueue$4.run(EventQueue.java:721)
	at java.desktop/java.awt.EventQueue$4.run(EventQueue.java:715)
	at java.base/java.security.AccessController.doPrivileged(Native Method)
	at java.base/java.security.ProtectionDomain$JavaSecurityAccessImpl.doIntersectionPrivilege(ProtectionDomain.java:85)
	at java.desktop/java.awt.EventQueue.dispatchEvent(EventQueue.java:740)
	at java.desktop/java.awt.EventDispatchThread.pumpOneEventForFilters(EventDispatchThread.java:203)
	at java.desktop/java.awt.EventDispatchThread.pumpEventsForFilter(EventDispatchThread.java:124)
	at java.desktop/java.awt.EventDispatchThread.pumpEventsForHierarchy(EventDispatchThread.java:113)
	at java.desktop/java.awt.EventDispatchThread.pumpEvents(EventDispatchThread.java:109)
	at java.desktop/java.awt.EventDispatchThread.pumpEvents(EventDispatchThread.java:101)
	at java.desktop/java.awt.EventDispatchThread.run(EventDispatchThread.java:90)
Exception in thread "AWT-EventQueue-0" java.lang.IndexOutOfBoundsException: Index 0 out of bounds for length 0
	at java.base/jdk.internal.util.Preconditions.outOfBounds(Preconditions.java:64)
	at java.base/jdk.internal.util.Preconditions.outOfBoundsCheckIndex(Preconditions.java:70)
	at java.base/jdk.internal.util.Preconditions.checkIndex(Preconditions.java:248)
	at java.base/java.util.Objects.checkIndex(Objects.java:372)
	at java.base/java.util.ArrayList.get(ArrayList.java:459)
	at simulation2D.rendering.StatCanva.paint(AffichageStat.java:58)
	at java.desktop/javax.swing.JComponent.paintChildren(JComponent.java:907)
	at java.desktop/javax.swing.JComponent.paint(JComponent.java:1083)
	at java.desktop/javax.swing.JComponent.paintChildren(JComponent.java:907)
	at java.desktop/javax.swing.JComponent.paint(JComponent.java:1083)
	at java.desktop/javax.swing.JLayeredPane.paint(JLayeredPane.java:590)
	at java.desktop/javax.swing.JComponent.paintChildren(JComponent.java:907)
	at java.desktop/javax.swing.JComponent.paint(JComponent.java:1083)
	at java.desktop/javax.swing.JComponent.paintToOffscreen(JComponent.java:5255)
	at java.desktop/javax.swing.BufferStrategyPaintManager.paint(BufferStrategyPaintManager.java:246)
	at java.desktop/javax.swing.RepaintManager.paint(RepaintManager.java:1323)
	at java.desktop/javax.swing.JComponent._paintImmediately(JComponent.java:5203)
	at java.desktop/javax.swing.JComponent.paintImmediately(JComponent.java:5013)
	at java.desktop/javax.swing.RepaintManager$4.run(RepaintManager.java:888)
	at java.desktop/javax.swing.RepaintManager$4.run(RepaintManager.java:848)
	at java.base/java.security.AccessController.doPrivileged(Native Method)
	at java.base/java.security.ProtectionDomain$JavaSecurityAccessImpl.doIntersectionPrivilege(ProtectionDomain.java:85)
	at java.desktop/javax.swing.RepaintManager.paintDirtyRegions(RepaintManager.java:848)
	at java.desktop/javax.swing.RepaintManager.paintDirtyRegions(RepaintManager.java:823)
	at java.desktop/javax.swing.RepaintManager.prePaintDirtyRegions(RepaintManager.java:772)
	at java.desktop/javax.swing.RepaintManager$ProcessingRunnable.run(RepaintManager.java:1890)
	at java.desktop/java.awt.event.InvocationEvent.dispatch(InvocationEvent.java:313)
	at java.desktop/java.awt.EventQueue.dispatchEventImpl(EventQueue.java:770)
	at java.desktop/java.awt.EventQueue$4.run(EventQueue.java:721)
	at java.desktop/java.awt.EventQueue$4.run(EventQueue.java:715)
	at java.base/java.security.AccessController.doPrivileged(Native Method)
	at java.base/java.security.ProtectionDomain$JavaSecurityAccessImpl.doIntersectionPrivilege(ProtectionDomain.java:85)
	at java.desktop/java.awt.EventQueue.dispatchEvent(EventQueue.java:740)
	at java.desktop/java.awt.EventDispatchThread.pumpOneEventForFilters(EventDispatchThread.java:203)
	at java.desktop/java.awt.EventDispatchThread.pumpEventsForFilter(EventDispatchThread.java:124)
	at java.desktop/java.awt.EventDispatchThread.pumpEventsForHierarchy(EventDispatchThread.java:113)
	at java.desktop/java.awt.EventDispatchThread.pumpEvents(EventDispatchThread.java:109)
	at java.desktop/java.awt.EventDispatchThread.pumpEvents(EventDispatchThread.java:101)
	at java.desktop/java.awt.EventDispatchThread.run(EventDispatchThread.java:90)
Exception in thread "AWT-EventQueue-0" java.lang.IndexOutOfBoundsException: Index 0 out of bounds for length 0
	at java.base/jdk.internal.util.Preconditions.outOfBounds(Preconditions.java:64)
	at java.base/jdk.internal.util.Preconditions.outOfBoundsCheckIndex(Preconditions.java:70)
	at java.base/jdk.internal.util.Preconditions.checkIndex(Preconditions.java:248)
	at java.base/java.util.Objects.checkIndex(Objects.java:372)
	at java.base/java.util.ArrayList.get(ArrayList.java:459)
	at simulation2D.rendering.StatCanva.paint(AffichageStat.java:58)
	at java.desktop/javax.swing.JComponent.paintChildren(JComponent.java:907)
	at java.desktop/javax.swing.JComponent.paint(JComponent.java:1083)
	at java.desktop/javax.swing.JComponent.paintChildren(JComponent.java:907)
	at java.desktop/javax.swing.JComponent.paint(JComponent.java:1083)
	at java.desktop/javax.swing.JLayeredPane.paint(JLayeredPane.java:590)
	at java.desktop/javax.swing.JComponent.paintChildren(JComponent.java:907)
	at java.desktop/javax.swing.JComponent.paint(JComponent.java:1083)
	at java.desktop/javax.swing.JComponent.paintToOffscreen(JComponent.java:5255)
	at java.desktop/javax.swing.BufferStrategyPaintManager.paint(BufferStrategyPaintManager.java:246)
	at java.desktop/javax.swing.RepaintManager.paint(RepaintManager.java:1323)
	at java.desktop/javax.swing.JComponent._paintImmediately(JComponent.java:5203)
	at java.desktop/javax.swing.JComponent.paintImmediately(JComponent.java:5013)
	at java.desktop/javax.swing.RepaintManager$4.run(RepaintManager.java:888)
	at java.desktop/javax.swing.RepaintManager$4.run(RepaintManager.java:848)
	at java.base/java.security.AccessController.doPrivileged(Native Method)
	at java.base/java.security.ProtectionDomain$JavaSecurityAccessImpl.doIntersectionPrivilege(ProtectionDomain.java:85)
	at java.desktop/javax.swing.RepaintManager.paintDirtyRegions(RepaintManager.java:848)
	at java.desktop/javax.swing.RepaintManager.paintDirtyRegions(RepaintManager.java:823)
	at java.desktop/javax.swing.RepaintManager.prePaintDirtyRegions(RepaintManager.java:772)
	at java.desktop/javax.swing.RepaintManager$ProcessingRunnable.run(RepaintManager.java:1890)
	at java.desktop/java.awt.event.InvocationEvent.dispatch(InvocationEvent.java:313)
	at java.desktop/java.awt.EventQueue.dispatchEventImpl(EventQueue.java:770)
	at java.desktop/java.awt.EventQueue$4.run(EventQueue.java:721)
	at java.desktop/java.awt.EventQueue$4.run(EventQueue.java:715)
	at java.base/java.security.AccessController.doPrivileged(Native Method)
	at java.base/java.security.ProtectionDomain$JavaSecurityAccessImpl.doIntersectionPrivilege(ProtectionDomain.java:85)
	at java.desktop/java.awt.EventQueue.dispatchEvent(EventQueue.java:740)
	at java.desktop/java.awt.EventDispatchThread.pumpOneEventForFilters(EventDispatchThread.java:203)
	at java.desktop/java.awt.EventDispatchThread.pumpEventsForFilter(EventDispatchThread.java:124)
	at java.desktop/java.awt.EventDispatchThread.pumpEventsForHierarchy(EventDispatchThread.java:113)
	at java.desktop/java.awt.EventDispatchThread.pumpEvents(EventDispatchThread.java:109)
	at java.desktop/java.awt.EventDispatchThread.pumpEvents(EventDispatchThread.java:101)
	at java.desktop/java.awt.EventDispatchThread.run(EventDispatchThread.java:90)
Exception in thread "AWT-EventQueue-0" java.lang.IndexOutOfBoundsException: Index 0 out of bounds for length 0
	at java.base/jdk.internal.util.Preconditions.outOfBounds(Preconditions.java:64)
	at java.base/jdk.internal.util.Preconditions.outOfBoundsCheckIndex(Preconditions.java:70)
	at java.base/jdk.internal.util.Preconditions.checkIndex(Preconditions.java:248)
	at java.base/java.util.Objects.checkIndex(Objects.java:372)
	at java.base/java.util.ArrayList.get(ArrayList.java:459)
	at simulation2D.rendering.StatCanva.paint(AffichageStat.java:58)
	at java.desktop/javax.swing.JComponent.paintChildren(JComponent.java:907)
	at java.desktop/javax.swing.JComponent.paint(JComponent.java:1083)
	at java.desktop/javax.swing.JComponent.paintChildren(JComponent.java:907)
	at java.desktop/javax.swing.JComponent.paint(JComponent.java:1083)
	at java.desktop/javax.swing.JLayeredPane.paint(JLayeredPane.java:590)
	at java.desktop/javax.swing.JComponent.paintChildren(JComponent.java:907)
	at java.desktop/javax.swing.JComponent.paint(JComponent.java:1083)
	at java.desktop/javax.swing.JComponent.paintToOffscreen(JComponent.java:5255)
	at java.desktop/javax.swing.BufferStrategyPaintManager.paint(BufferStrategyPaintManager.java:246)
	at java.desktop/javax.swing.RepaintManager.paint(RepaintManager.java:1323)
	at java.desktop/javax.swing.JComponent._paintImmediately(JComponent.java:5203)
	at java.desktop/javax.swing.JComponent.paintImmediately(JComponent.java:5013)
	at java.desktop/javax.swing.RepaintManager$4.run(RepaintManager.java:888)
	at java.desktop/javax.swing.RepaintManager$4.run(RepaintManager.java:848)
	at java.base/java.security.AccessController.doPrivileged(Native Method)
	at java.base/java.security.ProtectionDomain$JavaSecurityAccessImpl.doIntersectionPrivilege(ProtectionDomain.java:85)
	at java.desktop/javax.swing.RepaintManager.paintDirtyRegions(RepaintManager.java:848)
	at java.desktop/javax.swing.RepaintManager.paintDirtyRegions(RepaintManager.java:823)
	at java.desktop/javax.swing.RepaintManager.prePaintDirtyRegions(RepaintManager.java:772)
	at java.desktop/javax.swing.RepaintManager$ProcessingRunnable.run(RepaintManager.java:1890)
	at java.desktop/java.awt.event.InvocationEvent.dispatch(InvocationEvent.java:313)
	at java.desktop/java.awt.EventQueue.dispatchEventImpl(EventQueue.java:770)
	at java.desktop/java.awt.EventQueue$4.run(EventQueue.java:721)
	at java.desktop/java.awt.EventQueue$4.run(EventQueue.java:715)
	at java.base/java.security.AccessController.doPrivileged(Native Method)
	at java.base/java.security.ProtectionDomain$JavaSecurityAccessImpl.doIntersectionPrivilege(ProtectionDomain.java:85)
	at java.desktop/java.awt.EventQueue.dispatchEvent(EventQueue.java:740)
	at java.desktop/java.awt.EventDispatchThread.pumpOneEventForFilters(EventDispatchThread.java:203)
	at java.desktop/java.awt.EventDispatchThread.pumpEventsForFilter(EventDispatchThread.java:124)
	at java.desktop/java.awt.EventDispatchThread.pumpEventsForHierarchy(EventDispatchThread.java:113)
	at java.desktop/java.awt.EventDispatchThread.pumpEvents(EventDispatchThread.java:109)
	at java.desktop/java.awt.EventDispatchThread.pumpEvents(EventDispatchThread.java:101)
	at java.desktop/java.awt.EventDispatchThread.run(EventDispatchThread.java:90)
Exception in thread "AWT-EventQueue-0" java.lang.IndexOutOfBoundsException: Index 0 out of bounds for length 0
	at java.base/jdk.internal.util.Preconditions.outOfBounds(Preconditions.java:64)
	at java.base/jdk.internal.util.Preconditions.outOfBoundsCheckIndex(Preconditions.java:70)
	at java.base/jdk.internal.util.Preconditions.checkIndex(Preconditions.java:248)
	at java.base/java.util.Objects.checkIndex(Objects.java:372)
	at java.base/java.util.ArrayList.get(ArrayList.java:459)
	at simulation2D.rendering.StatCanva.paint(AffichageStat.java:58)
	at java.desktop/javax.swing.JComponent.paintChildren(JComponent.java:907)
	at java.desktop/javax.swing.JComponent.paint(JComponent.java:1083)
	at java.desktop/javax.swing.JComponent.paintChildren(JComponent.java:907)
	at java.desktop/javax.swing.JComponent.paint(JComponent.java:1083)
	at java.desktop/javax.swing.JLayeredPane.paint(JLayeredPane.java:590)
	at java.desktop/javax.swing.JComponent.paintChildren(JComponent.java:907)
	at java.desktop/javax.swing.JComponent.paint(JComponent.java:1083)
	at java.desktop/javax.swing.JComponent.paintToOffscreen(JComponent.java:5255)
	at java.desktop/javax.swing.BufferStrategyPaintManager.paint(BufferStrategyPaintManager.java:246)
	at java.desktop/javax.swing.RepaintManager.paint(RepaintManager.java:1323)
	at java.desktop/javax.swing.JComponent._paintImmediately(JComponent.java:5203)
	at java.desktop/javax.swing.JComponent.paintImmediately(JComponent.java:5013)
	at java.desktop/javax.swing.RepaintManager$4.run(RepaintManager.java:888)
	at java.desktop/javax.swing.RepaintManager$4.run(RepaintManager.java:848)
	at java.base/java.security.AccessController.doPrivileged(Native Method)
	at java.base/java.security.ProtectionDomain$JavaSecurityAccessImpl.doIntersectionPrivilege(ProtectionDomain.java:85)
	at java.desktop/javax.swing.RepaintManager.paintDirtyRegions(RepaintManager.java:848)
	at java.desktop/javax.swing.RepaintManager.paintDirtyRegions(RepaintManager.java:823)
	at java.desktop/javax.swing.RepaintManager.prePaintDirtyRegions(RepaintManager.java:772)
	at java.desktop/javax.swing.RepaintManager$ProcessingRunnable.run(RepaintManager.java:1890)
	at java.desktop/java.awt.event.InvocationEvent.dispatch(InvocationEvent.java:313)
	at java.desktop/java.awt.EventQueue.dispatchEventImpl(EventQueue.java:770)
	at java.desktop/java.awt.EventQueue$4.run(EventQueue.java:721)
	at java.desktop/java.awt.EventQueue$4.run(EventQueue.java:715)
	at java.base/java.security.AccessController.doPrivileged(Native Method)
	at java.base/java.security.ProtectionDomain$JavaSecurityAccessImpl.doIntersectionPrivilege(ProtectionDomain.java:85)
	at java.desktop/java.awt.EventQueue.dispatchEvent(EventQueue.java:740)
	at java.desktop/java.awt.EventDispatchThread.pumpOneEventForFilters(EventDispatchThread.java:203)
	at java.desktop/java.awt.EventDispatchThread.pumpEventsForFilter(EventDispatchThread.java:124)
	at java.desktop/java.awt.EventDispatchThread.pumpEventsForHierarchy(EventDispatchThread.java:113)
	at java.desktop/java.awt.EventDispatchThread.pumpEvents(EventDispatchThread.java:109)
	at java.desktop/java.awt.EventDispatchThread.pumpEvents(EventDispatchThread.java:101)
	at java.desktop/java.awt.EventDispatchThread.run(EventDispatchThread.java:90)
Exception in thread "AWT-EventQueue-0" java.lang.IndexOutOfBoundsException: Index 0 out of bounds for length 0
	at java.base/jdk.internal.util.Preconditions.outOfBounds(Preconditions.java:64)
	at java.base/jdk.internal.util.Preconditions.outOfBoundsCheckIndex(Preconditions.java:70)
	at java.base/jdk.internal.util.Preconditions.checkIndex(Preconditions.java:248)
	at java.base/java.util.Objects.checkIndex(Objects.java:372)
	at java.base/java.util.ArrayList.get(ArrayList.java:459)
	at simulation2D.rendering.StatCanva.paint(AffichageStat.java:58)
	at java.desktop/javax.swing.JComponent.paintChildren(JComponent.java:907)
	at java.desktop/javax.swing.JComponent.paint(JComponent.java:1083)
	at java.desktop/javax.swing.JComponent.paintChildren(JComponent.java:907)
	at java.desktop/javax.swing.JComponent.paint(JComponent.java:1083)
	at java.desktop/javax.swing.JLayeredPane.paint(JLayeredPane.java:590)
	at java.desktop/javax.swing.JComponent.paintChildren(JComponent.java:907)
	at java.desktop/javax.swing.JComponent.paint(JComponent.java:1083)
	at java.desktop/javax.swing.JComponent.paintToOffscreen(JComponent.java:5255)
	at java.desktop/javax.swing.BufferStrategyPaintManager.paint(BufferStrategyPaintManager.java:246)
	at java.desktop/javax.swing.RepaintManager.paint(RepaintManager.java:1323)
	at java.desktop/javax.swing.JComponent._paintImmediately(JComponent.java:5203)
	at java.desktop/javax.swing.JComponent.paintImmediately(JComponent.java:5013)
	at java.desktop/javax.swing.RepaintManager$4.run(RepaintManager.java:888)
	at java.desktop/javax.swing.RepaintManager$4.run(RepaintManager.java:848)
	at java.base/java.security.AccessController.doPrivileged(Native Method)
	at java.base/java.security.ProtectionDomain$JavaSecurityAccessImpl.doIntersectionPrivilege(ProtectionDomain.java:85)
	at java.desktop/javax.swing.RepaintManager.paintDirtyRegions(RepaintManager.java:848)
	at java.desktop/javax.swing.RepaintManager.paintDirtyRegions(RepaintManager.java:823)
	at java.desktop/javax.swing.RepaintManager.prePaintDirtyRegions(RepaintManager.java:772)
	at java.desktop/javax.swing.RepaintManager$ProcessingRunnable.run(RepaintManager.java:1890)
	at java.desktop/java.awt.event.InvocationEvent.dispatch(InvocationEvent.java:313)
	at java.desktop/java.awt.EventQueue.dispatchEventImpl(EventQueue.java:770)
	at java.desktop/java.awt.EventQueue$4.run(EventQueue.java:721)
	at java.desktop/java.awt.EventQueue$4.run(EventQueue.java:715)
	at java.base/java.security.AccessController.doPrivileged(Native Method)
	at java.base/java.security.ProtectionDomain$JavaSecurityAccessImpl.doIntersectionPrivilege(ProtectionDomain.java:85)
	at java.desktop/java.awt.EventQueue.dispatchEvent(EventQueue.java:740)
	at java.desktop/java.awt.EventDispatchThread.pumpOneEventForFilters(EventDispatchThread.java:203)
	at java.desktop/java.awt.EventDispatchThread.pumpEventsForFilter(EventDispatchThread.java:124)
	at java.desktop/java.awt.EventDispatchThread.pumpEventsForHierarchy(EventDispatchThread.java:113)
	at java.desktop/java.awt.EventDispatchThread.pumpEvents(EventDispatchThread.java:109)
	at java.desktop/java.awt.EventDispatchThread.pumpEvents(EventDispatchThread.java:101)
	at java.desktop/java.awt.EventDispatchThread.run(EventDispatchThread.java:90)
Exception in thread "AWT-EventQueue-0" java.lang.IndexOutOfBoundsException: Index 0 out of bounds for length 0
	at java.base/jdk.internal.util.Preconditions.outOfBounds(Preconditions.java:64)
	at java.base/jdk.internal.util.Preconditions.outOfBoundsCheckIndex(Preconditions.java:70)
	at java.base/jdk.internal.util.Preconditions.checkIndex(Preconditions.java:248)
	at java.base/java.util.Objects.checkIndex(Objects.java:372)
	at java.base/java.util.ArrayList.get(ArrayList.java:459)
	at simulation2D.rendering.StatCanva.paint(AffichageStat.java:58)
	at java.desktop/javax.swing.JComponent.paintChildren(JComponent.java:907)
	at java.desktop/javax.swing.JComponent.paint(JComponent.java:1083)
	at java.desktop/javax.swing.JComponent.paintChildren(JComponent.java:907)
	at java.desktop/javax.swing.JComponent.paint(JComponent.java:1083)
	at java.desktop/javax.swing.JLayeredPane.paint(JLayeredPane.java:590)
	at java.desktop/javax.swing.JComponent.paintChildren(JComponent.java:907)
	at java.desktop/javax.swing.JComponent.paint(JComponent.java:1083)
	at java.desktop/javax.swing.JComponent.paintToOffscreen(JComponent.java:5255)
	at java.desktop/javax.swing.BufferStrategyPaintManager.paint(BufferStrategyPaintManager.java:246)
	at java.desktop/javax.swing.RepaintManager.paint(RepaintManager.java:1323)
	at java.desktop/javax.swing.JComponent._paintImmediately(JComponent.java:5203)
	at java.desktop/javax.swing.JComponent.paintImmediately(JComponent.java:5013)
	at java.desktop/javax.swing.RepaintManager$4.run(RepaintManager.java:888)
	at java.desktop/javax.swing.RepaintManager$4.run(RepaintManager.java:848)
	at java.base/java.security.AccessController.doPrivileged(Native Method)
	at java.base/java.security.ProtectionDomain$JavaSecurityAccessImpl.doIntersectionPrivilege(ProtectionDomain.java:85)
	at java.desktop/javax.swing.RepaintManager.paintDirtyRegions(RepaintManager.java:848)
	at java.desktop/javax.swing.RepaintManager.paintDirtyRegions(RepaintManager.java:823)
	at java.desktop/javax.swing.RepaintManager.prePaintDirtyRegions(RepaintManager.java:772)
	at java.desktop/javax.swing.RepaintManager$ProcessingRunnable.run(RepaintManager.java:1890)
	at java.desktop/java.awt.event.InvocationEvent.dispatch(InvocationEvent.java:313)
	at java.desktop/java.awt.EventQueue.dispatchEventImpl(EventQueue.java:770)
	at java.desktop/java.awt.EventQueue$4.run(EventQueue.java:721)
	at java.desktop/java.awt.EventQueue$4.run(EventQueue.java:715)
	at java.base/java.security.AccessController.doPrivileged(Native Method)
	at java.base/java.security.ProtectionDomain$JavaSecurityAccessImpl.doIntersectionPrivilege(ProtectionDomain.java:85)
	at java.desktop/java.awt.EventQueue.dispatchEvent(EventQueue.java:740)
	at java.desktop/java.awt.EventDispatchThread.pumpOneEventForFilters(EventDispatchThread.java:203)
	at java.desktop/java.awt.EventDispatchThread.pumpEventsForFilter(EventDispatchThread.java:124)
	at java.desktop/java.awt.EventDispatchThread.pumpEventsForHierarchy(EventDispatchThread.java:113)
	at java.desktop/java.awt.EventDispatchThread.pumpEvents(EventDispatchThread.java:109)
	at java.desktop/java.awt.EventDispatchThread.pumpEvents(EventDispatchThread.java:101)
	at java.desktop/java.awt.EventDispatchThread.run(EventDispatchThread.java:90)
Exception in thread "AWT-EventQueue-0" java.lang.IndexOutOfBoundsException: Index 0 out of bounds for length 0
	at java.base/jdk.internal.util.Preconditions.outOfBounds(Preconditions.java:64)
	at java.base/jdk.internal.util.Preconditions.outOfBoundsCheckIndex(Preconditions.java:70)
	at java.base/jdk.internal.util.Preconditions.checkIndex(Preconditions.java:248)
	at java.base/java.util.Objects.checkIndex(Objects.java:372)
	at java.base/java.util.ArrayList.get(ArrayList.java:459)
	at simulation2D.rendering.StatCanva.paint(AffichageStat.java:58)
	at java.desktop/javax.swing.JComponent.paintChildren(JComponent.java:907)
	at java.desktop/javax.swing.JComponent.paint(JComponent.java:1083)
	at java.desktop/javax.swing.JComponent.paintChildren(JComponent.java:907)
	at java.desktop/javax.swing.JComponent.paint(JComponent.java:1083)
	at java.desktop/javax.swing.JLayeredPane.paint(JLayeredPane.java:590)
	at java.desktop/javax.swing.JComponent.paintChildren(JComponent.java:907)
	at java.desktop/javax.swing.JComponent.paint(JComponent.java:1083)
	at java.desktop/javax.swing.JComponent.paintToOffscreen(JComponent.java:5255)
	at java.desktop/javax.swing.BufferStrategyPaintManager.paint(BufferStrategyPaintManager.java:246)
	at java.desktop/javax.swing.RepaintManager.paint(RepaintManager.java:1323)
	at java.desktop/javax.swing.JComponent._paintImmediately(JComponent.java:5203)
	at java.desktop/javax.swing.JComponent.paintImmediately(JComponent.java:5013)
	at java.desktop/javax.swing.RepaintManager$4.run(RepaintManager.java:888)
	at java.desktop/javax.swing.RepaintManager$4.run(RepaintManager.java:848)
	at java.base/java.security.AccessController.doPrivileged(Native Method)
	at java.base/java.security.ProtectionDomain$JavaSecurityAccessImpl.doIntersectionPrivilege(ProtectionDomain.java:85)
	at java.desktop/javax.swing.RepaintManager.paintDirtyRegions(RepaintManager.java:848)
	at java.desktop/javax.swing.RepaintManager.paintDirtyRegions(RepaintManager.java:823)
	at java.desktop/javax.swing.RepaintManager.prePaintDirtyRegions(RepaintManager.java:772)
	at java.desktop/javax.swing.RepaintManager$ProcessingRunnable.run(RepaintManager.java:1890)
	at java.desktop/java.awt.event.InvocationEvent.dispatch(InvocationEvent.java:313)
	at java.desktop/java.awt.EventQueue.dispatchEventImpl(EventQueue.java:770)
	at java.desktop/java.awt.EventQueue$4.run(EventQueue.java:721)
	at java.desktop/java.awt.EventQueue$4.run(EventQueue.java:715)
	at java.base/java.security.AccessController.doPrivileged(Native Method)
	at java.base/java.security.ProtectionDomain$JavaSecurityAccessImpl.doIntersectionPrivilege(ProtectionDomain.java:85)
	at java.desktop/java.awt.EventQueue.dispatchEvent(EventQueue.java:740)
	at java.desktop/java.awt.EventDispatchThread.pumpOneEventForFilters(EventDispatchThread.java:203)
	at java.desktop/java.awt.EventDispatchThread.pumpEventsForFilter(EventDispatchThread.java:124)
	at java.desktop/java.awt.EventDispatchThread.pumpEventsForHierarchy(EventDispatchThread.java:113)
	at java.desktop/java.awt.EventDispatchThread.pumpEvents(EventDispatchThread.java:109)
	at java.desktop/java.awt.EventDispatchThread.pumpEvents(EventDispatchThread.java:101)
	at java.desktop/java.awt.EventDispatchThread.run(EventDispatchThread.java:90)
Exception in thread "AWT-EventQueue-0" java.lang.IndexOutOfBoundsException: Index 0 out of bounds for length 0
	at java.base/jdk.internal.util.Preconditions.outOfBounds(Preconditions.java:64)
	at java.base/jdk.internal.util.Preconditions.outOfBoundsCheckIndex(Preconditions.java:70)
	at java.base/jdk.internal.util.Preconditions.checkIndex(Preconditions.java:248)
	at java.base/java.util.Objects.checkIndex(Objects.java:372)
	at java.base/java.util.ArrayList.get(ArrayList.java:459)
	at simulation2D.rendering.StatCanva.paint(AffichageStat.java:58)
	at java.desktop/javax.swing.JComponent.paintChildren(JComponent.java:907)
	at java.desktop/javax.swing.JComponent.paint(JComponent.java:1083)
	at java.desktop/javax.swing.JComponent.paintChildren(JComponent.java:907)
	at java.desktop/javax.swing.JComponent.paint(JComponent.java:1083)
	at java.desktop/javax.swing.JLayeredPane.paint(JLayeredPane.java:590)
	at java.desktop/javax.swing.JComponent.paintChildren(JComponent.java:907)
	at java.desktop/javax.swing.JComponent.paint(JComponent.java:1083)
	at java.desktop/javax.swing.JComponent.paintToOffscreen(JComponent.java:5255)
	at java.desktop/javax.swing.BufferStrategyPaintManager.paint(BufferStrategyPaintManager.java:246)
	at java.desktop/javax.swing.RepaintManager.paint(RepaintManager.java:1323)
	at java.desktop/javax.swing.JComponent._paintImmediately(JComponent.java:5203)
	at java.desktop/javax.swing.JComponent.paintImmediately(JComponent.java:5013)
	at java.desktop/javax.swing.RepaintManager$4.run(RepaintManager.java:888)
	at java.desktop/javax.swing.RepaintManager$4.run(RepaintManager.java:848)
	at java.base/java.security.AccessController.doPrivileged(Native Method)
	at java.base/java.security.ProtectionDomain$JavaSecurityAccessImpl.doIntersectionPrivilege(ProtectionDomain.java:85)
	at java.desktop/javax.swing.RepaintManager.paintDirtyRegions(RepaintManager.java:848)
	at java.desktop/javax.swing.RepaintManager.paintDirtyRegions(RepaintManager.java:823)
	at java.desktop/javax.swing.RepaintManager.prePaintDirtyRegions(RepaintManager.java:772)
	at java.desktop/javax.swing.RepaintManager$ProcessingRunnable.run(RepaintManager.java:1890)
	at java.desktop/java.awt.event.InvocationEvent.dispatch(InvocationEvent.java:313)
	at java.desktop/java.awt.EventQueue.dispatchEventImpl(EventQueue.java:770)
	at java.desktop/java.awt.EventQueue$4.run(EventQueue.java:721)
	at java.desktop/java.awt.EventQueue$4.run(EventQueue.java:715)
	at java.base/java.security.AccessController.doPrivileged(Native Method)
	at java.base/java.security.ProtectionDomain$JavaSecurityAccessImpl.doIntersectionPrivilege(ProtectionDomain.java:85)
	at java.desktop/java.awt.EventQueue.dispatchEvent(EventQueue.java:740)
	at java.desktop/java.awt.EventDispatchThread.pumpOneEventForFilters(EventDispatchThread.java:203)
	at java.desktop/java.awt.EventDispatchThread.pumpEventsForFilter(EventDispatchThread.java:124)
	at java.desktop/java.awt.EventDispatchThread.pumpEventsForHierarchy(EventDispatchThread.java:113)
	at java.desktop/java.awt.EventDispatchThread.pumpEvents(EventDispatchThread.java:109)
	at java.desktop/java.awt.EventDispatchThread.pumpEvents(EventDispatchThread.java:101)
	at java.desktop/java.awt.EventDispatchThread.run(EventDispatchThread.java:90)
Exception in thread "AWT-EventQueue-0" java.lang.IndexOutOfBoundsException: Index 0 out of bounds for length 0
	at java.base/jdk.internal.util.Preconditions.outOfBounds(Preconditions.java:64)
	at java.base/jdk.internal.util.Preconditions.outOfBoundsCheckIndex(Preconditions.java:70)
	at java.base/jdk.internal.util.Preconditions.checkIndex(Preconditions.java:248)
	at java.base/java.util.Objects.checkIndex(Objects.java:372)
	at java.base/java.util.ArrayList.get(ArrayList.java:459)
	at simulation2D.rendering.StatCanva.paint(AffichageStat.java:58)
	at java.desktop/javax.swing.JComponent.paintChildren(JComponent.java:907)
	at java.desktop/javax.swing.JComponent.paint(JComponent.java:1083)
	at java.desktop/javax.swing.JComponent.paintChildren(JComponent.java:907)
	at java.desktop/javax.swing.JComponent.paint(JComponent.java:1083)
	at java.desktop/javax.swing.JLayeredPane.paint(JLayeredPane.java:590)
	at java.desktop/javax.swing.JComponent.paintChildren(JComponent.java:907)
	at java.desktop/javax.swing.JComponent.paint(JComponent.java:1083)
	at java.desktop/javax.swing.JComponent.paintToOffscreen(JComponent.java:5255)
	at java.desktop/javax.swing.BufferStrategyPaintManager.paint(BufferStrategyPaintManager.java:246)
	at java.desktop/javax.swing.RepaintManager.paint(RepaintManager.java:1323)
	at java.desktop/javax.swing.JComponent._paintImmediately(JComponent.java:5203)
	at java.desktop/javax.swing.JComponent.paintImmediately(JComponent.java:5013)
	at java.desktop/javax.swing.RepaintManager$4.run(RepaintManager.java:888)
	at java.desktop/javax.swing.RepaintManager$4.run(RepaintManager.java:848)
	at java.base/java.security.AccessController.doPrivileged(Native Method)
	at java.base/java.security.ProtectionDomain$JavaSecurityAccessImpl.doIntersectionPrivilege(ProtectionDomain.java:85)
	at java.desktop/javax.swing.RepaintManager.paintDirtyRegions(RepaintManager.java:848)
	at java.desktop/javax.swing.RepaintManager.paintDirtyRegions(RepaintManager.java:823)
	at java.desktop/javax.swing.RepaintManager.prePaintDirtyRegions(RepaintManager.java:772)
	at java.desktop/javax.swing.RepaintManager$ProcessingRunnable.run(RepaintManager.java:1890)
	at java.desktop/java.awt.event.InvocationEvent.dispatch(InvocationEvent.java:313)
	at java.desktop/java.awt.EventQueue.dispatchEventImpl(EventQueue.java:770)
	at java.desktop/java.awt.EventQueue$4.run(EventQueue.java:721)
	at java.desktop/java.awt.EventQueue$4.run(EventQueue.java:715)
	at java.base/java.security.AccessController.doPrivileged(Native Method)
	at java.base/java.security.ProtectionDomain$JavaSecurityAccessImpl.doIntersectionPrivilege(ProtectionDomain.java:85)
	at java.desktop/java.awt.EventQueue.dispatchEvent(EventQueue.java:740)
	at java.desktop/java.awt.EventDispatchThread.pumpOneEventForFilters(EventDispatchThread.java:203)
	at java.desktop/java.awt.EventDispatchThread.pumpEventsForFilter(EventDispatchThread.java:124)
	at java.desktop/java.awt.EventDispatchThread.pumpEventsForHierarchy(EventDispatchThread.java:113)
	at java.desktop/java.awt.EventDispatchThread.pumpEvents(EventDispatchThread.java:109)
	at java.desktop/java.awt.EventDispatchThread.pumpEvents(EventDispatchThread.java:101)
	at java.desktop/java.awt.EventDispatchThread.run(EventDispatchThread.java:90)
Exception in thread "AWT-EventQueue-0" java.lang.IndexOutOfBoundsException: Index 0 out of bounds for length 0
	at java.base/jdk.internal.util.Preconditions.outOfBounds(Preconditions.java:64)
	at java.base/jdk.internal.util.Preconditions.outOfBoundsCheckIndex(Preconditions.java:70)
	at java.base/jdk.internal.util.Preconditions.checkIndex(Preconditions.java:248)
	at java.base/java.util.Objects.checkIndex(Objects.java:372)
	at java.base/java.util.ArrayList.get(ArrayList.java:459)
	at simulation2D.rendering.StatCanva.paint(AffichageStat.java:58)
	at java.desktop/javax.swing.JComponent.paintChildren(JComponent.java:907)
	at java.desktop/javax.swing.JComponent.paint(JComponent.java:1083)
	at java.desktop/javax.swing.JComponent.paintChildren(JComponent.java:907)
	at java.desktop/javax.swing.JComponent.paint(JComponent.java:1083)
	at java.desktop/javax.swing.JLayeredPane.paint(JLayeredPane.java:590)
	at java.desktop/javax.swing.JComponent.paintChildren(JComponent.java:907)
	at java.desktop/javax.swing.JComponent.paint(JComponent.java:1083)
	at java.desktop/javax.swing.JComponent.paintToOffscreen(JComponent.java:5255)
	at java.desktop/javax.swing.BufferStrategyPaintManager.paint(BufferStrategyPaintManager.java:246)
	at java.desktop/javax.swing.RepaintManager.paint(RepaintManager.java:1323)
	at java.desktop/javax.swing.JComponent._paintImmediately(JComponent.java:5203)
	at java.desktop/javax.swing.JComponent.paintImmediately(JComponent.java:5013)
	at java.desktop/javax.swing.RepaintManager$4.run(RepaintManager.java:888)
	at java.desktop/javax.swing.RepaintManager$4.run(RepaintManager.java:848)
	at java.base/java.security.AccessController.doPrivileged(Native Method)
	at java.base/java.security.ProtectionDomain$JavaSecurityAccessImpl.doIntersectionPrivilege(ProtectionDomain.java:85)
	at java.desktop/javax.swing.RepaintManager.paintDirtyRegions(RepaintManager.java:848)
	at java.desktop/javax.swing.RepaintManager.paintDirtyRegions(RepaintManager.java:823)
	at java.desktop/javax.swing.RepaintManager.prePaintDirtyRegions(RepaintManager.java:772)
	at java.desktop/javax.swing.RepaintManager$ProcessingRunnable.run(RepaintManager.java:1890)
	at java.desktop/java.awt.event.InvocationEvent.dispatch(InvocationEvent.java:313)
	at java.desktop/java.awt.EventQueue.dispatchEventImpl(EventQueue.java:770)
	at java.desktop/java.awt.EventQueue$4.run(EventQueue.java:721)
	at java.desktop/java.awt.EventQueue$4.run(EventQueue.java:715)
	at java.base/java.security.AccessController.doPrivileged(Native Method)
	at java.base/java.security.ProtectionDomain$JavaSecurityAccessImpl.doIntersectionPrivilege(ProtectionDomain.java:85)
	at java.desktop/java.awt.EventQueue.dispatchEvent(EventQueue.java:740)
	at java.desktop/java.awt.EventDispatchThread.pumpOneEventForFilters(EventDispatchThread.java:203)
	at java.desktop/java.awt.EventDispatchThread.pumpEventsForFilter(EventDispatchThread.java:124)
	at java.desktop/java.awt.EventDispatchThread.pumpEventsForHierarchy(EventDispatchThread.java:113)
	at java.desktop/java.awt.EventDispatchThread.pumpEvents(EventDispatchThread.java:109)
	at java.desktop/java.awt.EventDispatchThread.pumpEvents(EventDispatchThread.java:101)
	at java.desktop/java.awt.EventDispatchThread.run(EventDispatchThread.java:90)
Exception in thread "AWT-EventQueue-0" java.lang.IndexOutOfBoundsException: Index 0 out of bounds for length 0
	at java.base/jdk.internal.util.Preconditions.outOfBounds(Preconditions.java:64)
	at java.base/jdk.internal.util.Preconditions.outOfBoundsCheckIndex(Preconditions.java:70)
	at java.base/jdk.internal.util.Preconditions.checkIndex(Preconditions.java:248)
	at java.base/java.util.Objects.checkIndex(Objects.java:372)
	at java.base/java.util.ArrayList.get(ArrayList.java:459)
	at simulation2D.rendering.StatCanva.paint(AffichageStat.java:58)
	at java.desktop/javax.swing.JComponent.paintChildren(JComponent.java:907)
	at java.desktop/javax.swing.JComponent.paint(JComponent.java:1083)
	at java.desktop/javax.swing.JComponent.paintChildren(JComponent.java:907)
	at java.desktop/javax.swing.JComponent.paint(JComponent.java:1083)
	at java.desktop/javax.swing.JLayeredPane.paint(JLayeredPane.java:590)
	at java.desktop/javax.swing.JComponent.paintChildren(JComponent.java:907)
	at java.desktop/javax.swing.JComponent.paint(JComponent.java:1083)
	at java.desktop/javax.swing.JComponent.paintToOffscreen(JComponent.java:5255)
	at java.desktop/javax.swing.BufferStrategyPaintManager.paint(BufferStrategyPaintManager.java:246)
	at java.desktop/javax.swing.RepaintManager.paint(RepaintManager.java:1323)
	at java.desktop/javax.swing.JComponent._paintImmediately(JComponent.java:5203)
	at java.desktop/javax.swing.JComponent.paintImmediately(JComponent.java:5013)
	at java.desktop/javax.swing.RepaintManager$4.run(RepaintManager.java:888)
	at java.desktop/javax.swing.RepaintManager$4.run(RepaintManager.java:848)
	at java.base/java.security.AccessController.doPrivileged(Native Method)
	at java.base/java.security.ProtectionDomain$JavaSecurityAccessImpl.doIntersectionPrivilege(ProtectionDomain.java:85)
	at java.desktop/javax.swing.RepaintManager.paintDirtyRegions(RepaintManager.java:848)
	at java.desktop/javax.swing.RepaintManager.paintDirtyRegions(RepaintManager.java:823)
	at java.desktop/javax.swing.RepaintManager.prePaintDirtyRegions(RepaintManager.java:772)
	at java.desktop/javax.swing.RepaintManager$ProcessingRunnable.run(RepaintManager.java:1890)
	at java.desktop/java.awt.event.InvocationEvent.dispatch(InvocationEvent.java:313)
	at java.desktop/java.awt.EventQueue.dispatchEventImpl(EventQueue.java:770)
	at java.desktop/java.awt.EventQueue$4.run(EventQueue.java:721)
	at java.desktop/java.awt.EventQueue$4.run(EventQueue.java:715)
	at java.base/java.security.AccessController.doPrivileged(Native Method)
	at java.base/java.security.ProtectionDomain$JavaSecurityAccessImpl.doIntersectionPrivilege(ProtectionDomain.java:85)
	at java.desktop/java.awt.EventQueue.dispatchEvent(EventQueue.java:740)
	at java.desktop/java.awt.EventDispatchThread.pumpOneEventForFilters(EventDispatchThread.java:203)
	at java.desktop/java.awt.EventDispatchThread.pumpEventsForFilter(EventDispatchThread.java:124)
	at java.desktop/java.awt.EventDispatchThread.pumpEventsForHierarchy(EventDispatchThread.java:113)
	at java.desktop/java.awt.EventDispatchThread.pumpEvents(EventDispatchThread.java:109)
	at java.desktop/java.awt.EventDispatchThread.pumpEvents(EventDispatchThread.java:101)
	at java.desktop/java.awt.EventDispatchThread.run(EventDispatchThread.java:90)
Exception in thread "AWT-EventQueue-0" java.lang.IndexOutOfBoundsException: Index 0 out of bounds for length 0
	at java.base/jdk.internal.util.Preconditions.outOfBounds(Preconditions.java:64)
	at java.base/jdk.internal.util.Preconditions.outOfBoundsCheckIndex(Preconditions.java:70)
	at java.base/jdk.internal.util.Preconditions.checkIndex(Preconditions.java:248)
	at java.base/java.util.Objects.checkIndex(Objects.java:372)
	at java.base/java.util.ArrayList.get(ArrayList.java:459)
	at simulation2D.rendering.StatCanva.paint(AffichageStat.java:58)
	at java.desktop/javax.swing.JComponent.paintChildren(JComponent.java:907)
	at java.desktop/javax.swing.JComponent.paint(JComponent.java:1083)
	at java.desktop/javax.swing.JComponent.paintChildren(JComponent.java:907)
	at java.desktop/javax.swing.JComponent.paint(JComponent.java:1083)
	at java.desktop/javax.swing.JLayeredPane.paint(JLayeredPane.java:590)
	at java.desktop/javax.swing.JComponent.paintChildren(JComponent.java:907)
	at java.desktop/javax.swing.JComponent.paint(JComponent.java:1083)
	at java.desktop/javax.swing.JComponent.paintToOffscreen(JComponent.java:5255)
	at java.desktop/javax.swing.BufferStrategyPaintManager.paint(BufferStrategyPaintManager.java:246)
	at java.desktop/javax.swing.RepaintManager.paint(RepaintManager.java:1323)
	at java.desktop/javax.swing.JComponent._paintImmediately(JComponent.java:5203)
	at java.desktop/javax.swing.JComponent.paintImmediately(JComponent.java:5013)
	at java.desktop/javax.swing.RepaintManager$4.run(RepaintManager.java:888)
	at java.desktop/javax.swing.RepaintManager$4.run(RepaintManager.java:848)
	at java.base/java.security.AccessController.doPrivileged(Native Method)
	at java.base/java.security.ProtectionDomain$JavaSecurityAccessImpl.doIntersectionPrivilege(ProtectionDomain.java:85)
	at java.desktop/javax.swing.RepaintManager.paintDirtyRegions(RepaintManager.java:848)
	at java.desktop/javax.swing.RepaintManager.paintDirtyRegions(RepaintManager.java:823)
	at java.desktop/javax.swing.RepaintManager.prePaintDirtyRegions(RepaintManager.java:772)
	at java.desktop/javax.swing.RepaintManager$ProcessingRunnable.run(RepaintManager.java:1890)
	at java.desktop/java.awt.event.InvocationEvent.dispatch(InvocationEvent.java:313)
	at java.desktop/java.awt.EventQueue.dispatchEventImpl(EventQueue.java:770)
	at java.desktop/java.awt.EventQueue$4.run(EventQueue.java:721)
	at java.desktop/java.awt.EventQueue$4.run(EventQueue.java:715)
	at java.base/java.security.AccessController.doPrivileged(Native Method)
	at java.base/java.security.ProtectionDomain$JavaSecurityAccessImpl.doIntersectionPrivilege(ProtectionDomain.java:85)
	at java.desktop/java.awt.EventQueue.dispatchEvent(EventQueue.java:740)
	at java.desktop/java.awt.EventDispatchThread.pumpOneEventForFilters(EventDispatchThread.java:203)
	at java.desktop/java.awt.EventDispatchThread.pumpEventsForFilter(EventDispatchThread.java:124)
	at java.desktop/java.awt.EventDispatchThread.pumpEventsForHierarchy(EventDispatchThread.java:113)
	at java.desktop/java.awt.EventDispatchThread.pumpEvents(EventDispatchThread.java:109)
	at java.desktop/java.awt.EventDispatchThread.pumpEvents(EventDispatchThread.java:101)
	at java.desktop/java.awt.EventDispatchThread.run(EventDispatchThread.java:90)
Exception in thread "AWT-EventQueue-0" java.lang.IndexOutOfBoundsException: Index 0 out of bounds for length 0
	at java.base/jdk.internal.util.Preconditions.outOfBounds(Preconditions.java:64)
	at java.base/jdk.internal.util.Preconditions.outOfBoundsCheckIndex(Preconditions.java:70)
	at java.base/jdk.internal.util.Preconditions.checkIndex(Preconditions.java:248)
	at java.base/java.util.Objects.checkIndex(Objects.java:372)
	at java.base/java.util.ArrayList.get(ArrayList.java:459)
	at simulation2D.rendering.StatCanva.paint(AffichageStat.java:58)
	at java.desktop/javax.swing.JComponent.paintChildren(JComponent.java:907)
	at java.desktop/javax.swing.JComponent.paint(JComponent.java:1083)
	at java.desktop/javax.swing.JComponent.paintChildren(JComponent.java:907)
	at java.desktop/javax.swing.JComponent.paint(JComponent.java:1083)
	at java.desktop/javax.swing.JLayeredPane.paint(JLayeredPane.java:590)
	at java.desktop/javax.swing.JComponent.paintChildren(JComponent.java:907)
	at java.desktop/javax.swing.JComponent.paint(JComponent.java:1083)
	at java.desktop/javax.swing.JComponent.paintToOffscreen(JComponent.java:5255)
	at java.desktop/javax.swing.BufferStrategyPaintManager.paint(BufferStrategyPaintManager.java:246)
	at java.desktop/javax.swing.RepaintManager.paint(RepaintManager.java:1323)
	at java.desktop/javax.swing.JComponent._paintImmediately(JComponent.java:5203)
	at java.desktop/javax.swing.JComponent.paintImmediately(JComponent.java:5013)
	at java.desktop/javax.swing.RepaintManager$4.run(RepaintManager.java:888)
	at java.desktop/javax.swing.RepaintManager$4.run(RepaintManager.java:848)
	at java.base/java.security.AccessController.doPrivileged(Native Method)
	at java.base/java.security.ProtectionDomain$JavaSecurityAccessImpl.doIntersectionPrivilege(ProtectionDomain.java:85)
	at java.desktop/javax.swing.RepaintManager.paintDirtyRegions(RepaintManager.java:848)
	at java.desktop/javax.swing.RepaintManager.paintDirtyRegions(RepaintManager.java:823)
	at java.desktop/javax.swing.RepaintManager.prePaintDirtyRegions(RepaintManager.java:772)
	at java.desktop/javax.swing.RepaintManager$ProcessingRunnable.run(RepaintManager.java:1890)
	at java.desktop/java.awt.event.InvocationEvent.dispatch(InvocationEvent.java:313)
	at java.desktop/java.awt.EventQueue.dispatchEventImpl(EventQueue.java:770)
	at java.desktop/java.awt.EventQueue$4.run(EventQueue.java:721)
	at java.desktop/java.awt.EventQueue$4.run(EventQueue.java:715)
	at java.base/java.security.AccessController.doPrivileged(Native Method)
	at java.base/java.security.ProtectionDomain$JavaSecurityAccessImpl.doIntersectionPrivilege(ProtectionDomain.java:85)
	at java.desktop/java.awt.EventQueue.dispatchEvent(EventQueue.java:740)
	at java.desktop/java.awt.EventDispatchThread.pumpOneEventForFilters(EventDispatchThread.java:203)
	at java.desktop/java.awt.EventDispatchThread.pumpEventsForFilter(EventDispatchThread.java:124)
	at java.desktop/java.awt.EventDispatchThread.pumpEventsForHierarchy(EventDispatchThread.java:113)
	at java.desktop/java.awt.EventDispatchThread.pumpEvents(EventDispatchThread.java:109)
	at java.desktop/java.awt.EventDispatchThread.pumpEvents(EventDispatchThread.java:101)
	at java.desktop/java.awt.EventDispatchThread.run(EventDispatchThread.java:90)
Exception in thread "AWT-EventQueue-0" java.lang.IndexOutOfBoundsException: Index 0 out of bounds for length 0
	at java.base/jdk.internal.util.Preconditions.outOfBounds(Preconditions.java:64)
	at java.base/jdk.internal.util.Preconditions.outOfBoundsCheckIndex(Preconditions.java:70)
	at java.base/jdk.internal.util.Preconditions.checkIndex(Preconditions.java:248)
	at java.base/java.util.Objects.checkIndex(Objects.java:372)
	at java.base/java.util.ArrayList.get(ArrayList.java:459)
	at simulation2D.rendering.StatCanva.paint(AffichageStat.java:58)
	at java.desktop/javax.swing.JComponent.paintChildren(JComponent.java:907)
	at java.desktop/javax.swing.JComponent.paint(JComponent.java:1083)
	at java.desktop/javax.swing.JComponent.paintChildren(JComponent.java:907)
	at java.desktop/javax.swing.JComponent.paint(JComponent.java:1083)
	at java.desktop/javax.swing.JLayeredPane.paint(JLayeredPane.java:590)
	at java.desktop/javax.swing.JComponent.paintChildren(JComponent.java:907)
	at java.desktop/javax.swing.JComponent.paint(JComponent.java:1083)
	at java.desktop/javax.swing.JComponent.paintToOffscreen(JComponent.java:5255)
	at java.desktop/javax.swing.BufferStrategyPaintManager.paint(BufferStrategyPaintManager.java:246)
	at java.desktop/javax.swing.RepaintManager.paint(RepaintManager.java:1323)
	at java.desktop/javax.swing.JComponent._paintImmediately(JComponent.java:5203)
	at java.desktop/javax.swing.JComponent.paintImmediately(JComponent.java:5013)
	at java.desktop/javax.swing.RepaintManager$4.run(RepaintManager.java:888)
	at java.desktop/javax.swing.RepaintManager$4.run(RepaintManager.java:848)
	at java.base/java.security.AccessController.doPrivileged(Native Method)
	at java.base/java.security.ProtectionDomain$JavaSecurityAccessImpl.doIntersectionPrivilege(ProtectionDomain.java:85)
	at java.desktop/javax.swing.RepaintManager.paintDirtyRegions(RepaintManager.java:848)
	at java.desktop/javax.swing.RepaintManager.paintDirtyRegions(RepaintManager.java:823)
	at java.desktop/javax.swing.RepaintManager.prePaintDirtyRegions(RepaintManager.java:772)
	at java.desktop/javax.swing.RepaintManager$ProcessingRunnable.run(RepaintManager.java:1890)
	at java.desktop/java.awt.event.InvocationEvent.dispatch(InvocationEvent.java:313)
	at java.desktop/java.awt.EventQueue.dispatchEventImpl(EventQueue.java:770)
	at java.desktop/java.awt.EventQueue$4.run(EventQueue.java:721)
	at java.desktop/java.awt.EventQueue$4.run(EventQueue.java:715)
	at java.base/java.security.AccessController.doPrivileged(Native Method)
	at java.base/java.security.ProtectionDomain$JavaSecurityAccessImpl.doIntersectionPrivilege(ProtectionDomain.java:85)
	at java.desktop/java.awt.EventQueue.dispatchEvent(EventQueue.java:740)
	at java.desktop/java.awt.EventDispatchThread.pumpOneEventForFilters(EventDispatchThread.java:203)
	at java.desktop/java.awt.EventDispatchThread.pumpEventsForFilter(EventDispatchThread.java:124)
	at java.desktop/java.awt.EventDispatchThread.pumpEventsForHierarchy(EventDispatchThread.java:113)
	at java.desktop/java.awt.EventDispatchThread.pumpEvents(EventDispatchThread.java:109)
	at java.desktop/java.awt.EventDispatchThread.pumpEvents(EventDispatchThread.java:101)
	at java.desktop/java.awt.EventDispatchThread.run(EventDispatchThread.java:90)
Exception in thread "Thread-0" java.lang.ArrayIndexOutOfBoundsException: Index 160 out of bounds for length 160
	at simulation2D.statistiques.DensityStat.updateStat(DensityStat.java:70)
	at simulation2D.simulation.SimulationLoop.run(SimulationLoop.java:94)
	at java.base/java.lang.Thread.run(Thread.java:829)
